<component name="libraryTable">
  <library name="junit-4.10">
    <CLASSES>
      <root url="jar://$PROJECT_DIR$/libs/junit-4.10.jar!/" />
      <root url="jar://$PROJECT_DIR$/libs/lombok.jar!/" />
      <root url="jar://$PROJECT_DIR$/libs/mybatis-3.5.9.jar!/" />
      <root url="jar://$PROJECT_DIR$/libs/mysql-connector-java-5.1.48.jar!/" />
    </CLASSES>
    <JAVADOC />
    <SOURCES />
  </library>
</component>